[01m[K/home/ddon/ros2_ws_cpp/src/robocon2024/Odrive_CAN_Custom_Msg/can_control_package/src/rbc25_ctrl.cpp:30:1:[m[K [01;31m[Kerror: [m[Kâ€˜[01m[Kvvoid[m[Kâ€™ does not name a type; did you mean â€˜[01m[Kvoid[m[Kâ€™?
   30 | [01;31m[Kvvoid[m[K controlCallback(const odrive_custom_msg::msg::Control::SharedPtr msg) {
      | [01;31m[K^~~~~[m[K
      | [32m[Kvoid[m[K
[01m[K/home/ddon/ros2_ws_cpp/src/robocon2024/Odrive_CAN_Custom_Msg/can_control_package/src/test_node.cpp:[m[K In member function â€˜[01m[Kvoid TestNode::promptUserInput()[m[Kâ€™:
[01m[K/home/ddon/ros2_ws_cpp/src/robocon2024/Odrive_CAN_Custom_Msg/can_control_package/src/test_node.cpp:43:29:[m[K [01;35m[Kwarning: [m[Koverflow in conversion from â€˜[01m[Kint[m[Kâ€™ to â€˜[01m[Kint8_t[m[Kâ€™ {aka â€˜[01m[Ksigned char[m[Kâ€™} changes value from â€˜[01m[K255[m[Kâ€™ to â€˜[01m[K-1[m[Kâ€™ [[01;35m[K]8;;https://gcc.gnu.org/onlinedocs/gcc/Warning-Options.html#index-Woverflow-Woverflow]8;;[m[K]
   43 |                 device_id = [01;35m[K0xFF[m[K;
      |                             [01;35m[K^~~~[m[K
[01m[K/home/ddon/ros2_ws_cpp/src/robocon2024/Odrive_CAN_Custom_Msg/can_control_package/src/rbc25_ctrl.cpp:[m[K In constructor â€˜[01m[KRBC25CtrlNode::RBC25CtrlNode()[m[Kâ€™:
[01m[K/home/ddon/ros2_ws_cpp/src/robocon2024/Odrive_CAN_Custom_Msg/can_control_package/src/rbc25_ctrl.cpp:15:39:[m[K [01;31m[Kerror: [m[Kâ€˜[01m[KcontrolCallback[m[Kâ€™ is not a member of â€˜[01m[KRBC25CtrlNode[m[Kâ€™
   15 |      std::bind(&RBC25CtrlNode::[01;31m[KcontrolCallback[m[K, this, std::placeholders::_1));
      |                                [01;31m[K^~~~~~~~~~~~~~~[m[K

[01m[K/home/ddon/ros2_ws_cpp/src/robocon2024/Odrive_CAN_Custom_Msg/can_control_package/src/rbc25_ctrl.cpp:21:39:[m[K [01;31m[Kerror: [m[Kâ€˜[01m[KcalibrationCallback[m[Kâ€™ is not a member of â€˜[01m[KRBC25CtrlNode[m[Kâ€™
   21 |      std::bind(&RBC25CtrlNode::[01;31m[KcalibrationCallback[m[K, this, std::placeholders::_1));
      |                                [01;31m[K^~~~~~~~~~~~~~~~~~~[m[K

gmake[2]: *** [CMakeFiles/rbc25_ctrl.dir/build.make:76: CMakeFiles/rbc25_ctrl.dir/src/rbc25_ctrl.cpp.o] Error 1
gmake[1]: *** [CMakeFiles/Makefile2:141: CMakeFiles/rbc25_ctrl.dir/all] Error 2
gmake[1]: *** Waiting for unfinished jobs....
gmake: *** [Makefile:146: all] Error 2
