-- Found ament_cmake: 1.3.11 (/opt/ros/humble/share/ament_cmake/cmake)
-- Found rclcpp: 16.0.11 (/opt/ros/humble/share/rclcpp/cmake)
-- Found rosidl_generator_c: 3.1.6 (/opt/ros/humble/share/rosidl_generator_c/cmake)
-- Found rosidl_adapter: 3.1.6 (/opt/ros/humble/share/rosidl_adapter/cmake)
-- Found rosidl_generator_cpp: 3.1.6 (/opt/ros/humble/share/rosidl_generator_cpp/cmake)
-- Using all available rosidl_typesupport_c: rosidl_typesupport_fastrtps_c;rosidl_typesupport_introspection_c
-- Using all available rosidl_typesupport_cpp: rosidl_typesupport_fastrtps_cpp;rosidl_typesupport_introspection_cpp
-- Found rmw_implementation_cmake: 6.1.2 (/opt/ros/humble/share/rmw_implementation_cmake/cmake)
-- Found rmw_fastrtps_cpp: 6.2.7 (/opt/ros/humble/share/rmw_fastrtps_cpp/cmake)
-- Using RMW implementation 'rmw_fastrtps_cpp' as default
-- Found odrive_custom_msg: 0.0.0 (/home/ddon/ros2_ws_cpp/src/robocon2024/Odrive_CAN_Custom_Msg/install/odrive_custom_msg/share/odrive_custom_msg/cmake)
-- Found ament_lint_auto: 0.12.11 (/opt/ros/humble/share/ament_lint_auto/cmake)
-- Added test 'cppcheck' to perform static code analysis on C / C++ code
-- Configured cppcheck include dirs: /home/ddon/ros2_ws_cpp/src/robocon2024/Odrive_CAN_Custom_Msg/can_control_package/include
-- Configured cppcheck exclude dirs and/or files: 
-- Added test 'flake8' to check Python code syntax and style conventions
-- Added test 'lint_cmake' to check CMake code style
-- Added test 'pep257' to check Python code against some of the docstring style conventions in PEP 257
-- Added test 'uncrustify' to check C / C++ code style
-- Configured uncrustify additional arguments: 
-- Added test 'xmllint' to check XML markup files
-- Configuring done
-- Generating done
-- Build files have been written to: /home/ddon/ros2_ws_cpp/src/robocon2024/Odrive_CAN_Custom_Msg/build/can_control_package
[ 16%] [32mBuilding CXX object CMakeFiles/test_node.dir/src/test_node.cpp.o[0m
[ 50%] [32mBuilding CXX object CMakeFiles/rbc25_ctrl.dir/src/rbc25_ctrl.cpp.o[0m
[ 50%] [32mBuilding CXX object CMakeFiles/can_sender.dir/src/can_sender.cpp.o[0m
[01m[K/home/ddon/ros2_ws_cpp/src/robocon2024/Odrive_CAN_Custom_Msg/can_control_package/src/rbc25_ctrl.cpp:30:1:[m[K [01;31m[Kerror: [m[Kâ€˜[01m[Kvvoid[m[Kâ€™ does not name a type; did you mean â€˜[01m[Kvoid[m[Kâ€™?
   30 | [01;31m[Kvvoid[m[K controlCallback(const odrive_custom_msg::msg::Control::SharedPtr msg) {
      | [01;31m[K^~~~~[m[K
      | [32m[Kvoid[m[K
[01m[K/home/ddon/ros2_ws_cpp/src/robocon2024/Odrive_CAN_Custom_Msg/can_control_package/src/test_node.cpp:[m[K In member function â€˜[01m[Kvoid TestNode::promptUserInput()[m[Kâ€™:
[01m[K/home/ddon/ros2_ws_cpp/src/robocon2024/Odrive_CAN_Custom_Msg/can_control_package/src/test_node.cpp:43:29:[m[K [01;35m[Kwarning: [m[Koverflow in conversion from â€˜[01m[Kint[m[Kâ€™ to â€˜[01m[Kint8_t[m[Kâ€™ {aka â€˜[01m[Ksigned char[m[Kâ€™} changes value from â€˜[01m[K255[m[Kâ€™ to â€˜[01m[K-1[m[Kâ€™ [[01;35m[K]8;;https://gcc.gnu.org/onlinedocs/gcc/Warning-Options.html#index-Woverflow-Woverflow]8;;[m[K]
   43 |                 device_id = [01;35m[K0xFF[m[K;
      |                             [01;35m[K^~~~[m[K
[01m[K/home/ddon/ros2_ws_cpp/src/robocon2024/Odrive_CAN_Custom_Msg/can_control_package/src/rbc25_ctrl.cpp:[m[K In constructor â€˜[01m[KRBC25CtrlNode::RBC25CtrlNode()[m[Kâ€™:
[01m[K/home/ddon/ros2_ws_cpp/src/robocon2024/Odrive_CAN_Custom_Msg/can_control_package/src/rbc25_ctrl.cpp:15:39:[m[K [01;31m[Kerror: [m[Kâ€˜[01m[KcontrolCallback[m[Kâ€™ is not a member of â€˜[01m[KRBC25CtrlNode[m[Kâ€™
   15 |      std::bind(&RBC25CtrlNode::[01;31m[KcontrolCallback[m[K, this, std::placeholders::_1));
      |                                [01;31m[K^~~~~~~~~~~~~~~[m[K

[01m[K/home/ddon/ros2_ws_cpp/src/robocon2024/Odrive_CAN_Custom_Msg/can_control_package/src/rbc25_ctrl.cpp:21:39:[m[K [01;31m[Kerror: [m[Kâ€˜[01m[KcalibrationCallback[m[Kâ€™ is not a member of â€˜[01m[KRBC25CtrlNode[m[Kâ€™
   21 |      std::bind(&RBC25CtrlNode::[01;31m[KcalibrationCallback[m[K, this, std::placeholders::_1));
      |                                [01;31m[K^~~~~~~~~~~~~~~~~~~[m[K

gmake[2]: *** [CMakeFiles/rbc25_ctrl.dir/build.make:76: CMakeFiles/rbc25_ctrl.dir/src/rbc25_ctrl.cpp.o] Error 1
gmake[1]: *** [CMakeFiles/Makefile2:141: CMakeFiles/rbc25_ctrl.dir/all] Error 2
gmake[1]: *** Waiting for unfinished jobs....
[ 66%] [32m[1mLinking CXX executable test_node[0m
[ 66%] Built target test_node
[ 83%] [32m[1mLinking CXX executable can_sender[0m
[ 83%] Built target can_sender
gmake: *** [Makefile:146: all] Error 2
